<?xml version="1.0" encoding="UTF-8" ?>
<testsuite failures="0" time="0.012" errors="0" skipped="0" tests="1" name="org.mavenmodel.AppTest">
  <properties>
    <property name="java.runtime.name" value="Java(TM) SE Runtime Environment"/>
    <property name="sun.boot.library.path" value="/home/hebdeb/dev/jdk1.7.0_07/jre/lib/i386"/>
    <property name="java.vm.version" value="23.3-b01"/>
    <property name="java.vm.vendor" value="Oracle Corporation"/>
    <property name="java.vendor.url" value="http://java.oracle.com/"/>
    <property name="path.separator" value=":"/>
    <property name="guice.disable.misplaced.annotation.check" value="true"/>
    <property name="java.vm.name" value="Java HotSpot(TM) Server VM"/>
    <property name="file.encoding.pkg" value="sun.io"/>
    <property name="user.country" value="CA"/>
    <property name="sun.java.launcher" value="SUN_STANDARD"/>
    <property name="sun.os.patch.level" value="unknown"/>
    <property name="java.vm.specification.name" value="Java Virtual Machine Specification"/>
    <property name="user.dir" value="/home/hebdeb/dev/workspace/20130629/mavenparent"/>
    <property name="java.runtime.version" value="1.7.0_07-b10"/>
    <property name="java.awt.graphicsenv" value="sun.awt.X11GraphicsEnvironment"/>
    <property name="java.endorsed.dirs" value="/home/hebdeb/dev/jdk1.7.0_07/jre/lib/endorsed"/>
    <property name="os.arch" value="i386"/>
    <property name="java.io.tmpdir" value="/tmp"/>
    <property name="line.separator" value="
"/>
    <property name="java.vm.specification.vendor" value="Oracle Corporation"/>
    <property name="os.name" value="Linux"/>
    <property name="classworlds.conf" value="/home/hebdeb/dev/workspace/20130629/.metadata/.plugins/org.eclipse.m2e.launching/launches/m2conf1467727243072172570.tmp"/>
    <property name="sun.jnu.encoding" value="UTF-8"/>
    <property name="java.library.path" value="/home/hebdeb/dev/jdk1.7.0_07/jre/lib/i386/server:/home/hebdeb/dev/jdk1.7.0_07/jre/lib/i386:/home/hebdeb/dev/jdk1.7.0_07/jre/../lib/i386:/home/hebdeb/dev/jdk1.7.0_07/jre/lib/i386/client:/home/hebdeb/dev/jdk1.7.0_07/jre/lib/i386::/usr/java/packages/lib/i386:/lib:/usr/lib"/>
    <property name="java.specification.name" value="Java Platform API Specification"/>
    <property name="java.class.version" value="51.0"/>
    <property name="sun.management.compiler" value="HotSpot Tiered Compilers"/>
    <property name="os.version" value="2.6.32-5-686-bigmem"/>
    <property name="user.home" value="/home/hebdeb"/>
    <property name="user.timezone" value="Canada/Eastern"/>
    <property name="java.awt.printerjob" value="sun.print.PSPrinterJob"/>
    <property name="file.encoding" value="UTF-8"/>
    <property name="java.specification.version" value="1.7"/>
    <property name="user.name" value="hebdeb"/>
    <property name="java.class.path" value="/home/hebdeb/dev/maven/boot/plexus-classworlds-2.4.jar"/>
    <property name="java.vm.specification.version" value="1.7"/>
    <property name="sun.arch.data.model" value="32"/>
    <property name="java.home" value="/home/hebdeb/dev/jdk1.7.0_07/jre"/>
    <property name="sun.java.command" value="org.codehaus.plexus.classworlds.launcher.Launcher -B -s /home/hebdeb/.m2/settings.xml install"/>
    <property name="java.specification.vendor" value="Oracle Corporation"/>
    <property name="user.language" value="en"/>
    <property name="awt.toolkit" value="sun.awt.X11.XToolkit"/>
    <property name="java.vm.info" value="mixed mode"/>
    <property name="java.version" value="1.7.0_07"/>
    <property name="java.ext.dirs" value="/home/hebdeb/dev/jdk1.7.0_07/jre/lib/ext:/usr/java/packages/lib/ext"/>
    <property name="securerandom.source" value="file:/dev/./urandom"/>
    <property name="sun.boot.class.path" value="/home/hebdeb/dev/jdk1.7.0_07/jre/lib/resources.jar:/home/hebdeb/dev/jdk1.7.0_07/jre/lib/rt.jar:/home/hebdeb/dev/jdk1.7.0_07/jre/lib/sunrsasign.jar:/home/hebdeb/dev/jdk1.7.0_07/jre/lib/jsse.jar:/home/hebdeb/dev/jdk1.7.0_07/jre/lib/jce.jar:/home/hebdeb/dev/jdk1.7.0_07/jre/lib/charsets.jar:/home/hebdeb/dev/jdk1.7.0_07/jre/lib/jfr.jar:/home/hebdeb/dev/jdk1.7.0_07/jre/classes"/>
    <property name="java.vendor" value="Oracle Corporation"/>
    <property name="maven.home" value="/home/hebdeb/dev/maven"/>
    <property name="file.separator" value="/"/>
    <property name="java.vendor.url.bug" value="http://bugreport.sun.com/bugreport/"/>
    <property name="maven.bootclasspath" value="/home/hebdeb/dev/maven/boot/plexus-classworlds-2.4.jar"/>
    <property name="sun.cpu.endian" value="little"/>
    <property name="sun.io.unicode.encoding" value="UnicodeLittle"/>
    <property name="sun.desktop" value="gnome"/>
    <property name="sun.cpu.isalist" value=""/>
  </properties>
  <testcase time="0.004" classname="org.mavenmodel.AppTest" name="testApp"/>
</testsuite>